<?xml version="1.0" encoding="UTF-8"?>
<!-- Generated by org.testng.reporters.JUnitReportReporter -->
<testsuite skipped="0" hostname="LP-PF3HPKK8" name="com.gtplbanking.testCases.TC_EditCustomerTest_004" tests="1" failures="0" timestamp="06 Sep 2023 10:48:35 GMT" time="0.024" errors="0">
  <testcase name="editCustomer" time="0.024" classname="com.gtplbanking.testCases.TC_EditCustomerTest_004"/>
</testsuite> <!-- com.gtplbanking.testCases.TC_EditCustomerTest_004 -->
