<?xml version="1.0" encoding="UTF-8"?>
<!-- Generated by org.testng.reporters.JUnitReportReporter -->
<testsuite skipped="0" hostname="LP-PF3HPKK8" name="com.gtplbanking.testCases.TC_DeleteCustomerTest_005" tests="1" failures="0" timestamp="06 Sep 2023 11:15:02 GMT" time="9.367" errors="0">
  <testcase name="deleteCustomer" time="9.367" classname="com.gtplbanking.testCases.TC_DeleteCustomerTest_005"/>
</testsuite> <!-- com.gtplbanking.testCases.TC_DeleteCustomerTest_005 -->
