<?xml version="1.0" encoding="UTF-8"?>
<!-- Generated by org.testng.reporters.JUnitReportReporter -->
<testsuite skipped="0" hostname="LP-PF3HPKK8" name="com.gtplbanking.testCases.TC_LoginTest_001" tests="1" failures="0" timestamp="08 Sep 2023 04:36:39 GMT" time="3.238" errors="0">
  <testcase name="loginTest" time="3.238" classname="com.gtplbanking.testCases.TC_LoginTest_001"/>
</testsuite> <!-- com.gtplbanking.testCases.TC_LoginTest_001 -->
